0:0:0:0:0:0:0:1 - - [12/Apr/2017:09:21:28 +0800] "GET /ewface/login HTTP/1.1" 200 3969
0:0:0:0:0:0:0:1 - - [12/Apr/2017:09:21:28 +0800] "GET /assets/css/style.css HTTP/1.1" 200 3496
0:0:0:0:0:0:0:1 - - [12/Apr/2017:09:21:28 +0800] "GET /assets/css/form-elements.css HTTP/1.1" 200 2511
0:0:0:0:0:0:0:1 - - [12/Apr/2017:09:21:28 +0800] "GET /assets/js/scripts.js HTTP/1.1" 200 712
0:0:0:0:0:0:0:1 - - [12/Apr/2017:09:21:28 +0800] "GET /assets/js/jquery.backstretch.min.js HTTP/1.1" 200 4233
0:0:0:0:0:0:0:1 - - [12/Apr/2017:09:21:28 +0800] "GET /assets/font-awesome/css/font-awesome.min.css HTTP/1.1" 200 23739
0:0:0:0:0:0:0:1 - - [12/Apr/2017:09:21:28 +0800] "GET /assets/bootstrap/js/bootstrap.min.js HTTP/1.1" 200 35951
0:0:0:0:0:0:0:1 - - [12/Apr/2017:09:21:28 +0800] "GET /assets/bootstrap/css/bootstrap.min.css HTTP/1.1" 200 117305
0:0:0:0:0:0:0:1 - - [12/Apr/2017:09:21:28 +0800] "GET /assets/js/jquery-1.11.1.min.js HTTP/1.1" 200 95786
0:0:0:0:0:0:0:1 - - [12/Apr/2017:09:22:06 +0800] "GET /ewface/menu HTTP/1.1" 302 -
0:0:0:0:0:0:0:1 - - [12/Apr/2017:09:22:06 +0800] "GET /ewface/login HTTP/1.1" 200 3969
0:0:0:0:0:0:0:1 - - [12/Apr/2017:09:22:06 +0800] "GET /assets/css/style.css HTTP/1.1" 304 -
0:0:0:0:0:0:0:1 - - [12/Apr/2017:09:22:06 +0800] "GET /assets/font-awesome/css/font-awesome.min.css HTTP/1.1" 304 -
0:0:0:0:0:0:0:1 - - [12/Apr/2017:09:22:06 +0800] "GET /assets/css/form-elements.css HTTP/1.1" 304 -
0:0:0:0:0:0:0:1 - - [12/Apr/2017:09:22:06 +0800] "GET /assets/bootstrap/js/bootstrap.min.js HTTP/1.1" 304 -
0:0:0:0:0:0:0:1 - - [12/Apr/2017:09:22:06 +0800] "GET /assets/js/jquery-1.11.1.min.js HTTP/1.1" 304 -
0:0:0:0:0:0:0:1 - - [12/Apr/2017:09:22:06 +0800] "GET /assets/bootstrap/css/bootstrap.min.css HTTP/1.1" 304 -
0:0:0:0:0:0:0:1 - - [12/Apr/2017:09:22:06 +0800] "GET /assets/js/jquery.backstretch.min.js HTTP/1.1" 304 -
0:0:0:0:0:0:0:1 - - [12/Apr/2017:09:22:06 +0800] "GET /assets/js/scripts.js HTTP/1.1" 304 -
0:0:0:0:0:0:0:1 - - [12/Apr/2017:09:22:06 +0800] "GET /assets/img/backgrounds/1.jpg HTTP/1.1" 304 -
0:0:0:0:0:0:0:1 - - [12/Apr/2017:09:22:07 +0800] "POST /ewface/login HTTP/1.1" 302 -
0:0:0:0:0:0:0:1 - - [12/Apr/2017:09:22:07 +0800] "GET /ewface/menu HTTP/1.1" 200 1339
0:0:0:0:0:0:0:1 - - [12/Apr/2017:09:22:07 +0800] "GET /favicon.ico HTTP/1.1" 200 946
0:0:0:0:0:0:0:1 - - [12/Apr/2017:09:24:29 +0800] "GET /ewface/menu HTTP/1.1" 302 -
0:0:0:0:0:0:0:1 - - [12/Apr/2017:09:24:30 +0800] "GET /ewface/login HTTP/1.1" 200 3969
0:0:0:0:0:0:0:1 - - [12/Apr/2017:09:24:30 +0800] "GET /assets/css/style.css HTTP/1.1" 304 -
0:0:0:0:0:0:0:1 - - [12/Apr/2017:09:24:30 +0800] "GET /assets/css/form-elements.css HTTP/1.1" 304 -
0:0:0:0:0:0:0:1 - - [12/Apr/2017:09:24:30 +0800] "GET /assets/bootstrap/css/bootstrap.min.css HTTP/1.1" 304 -
0:0:0:0:0:0:0:1 - - [12/Apr/2017:09:24:30 +0800] "GET /assets/js/jquery-1.11.1.min.js HTTP/1.1" 304 -
0:0:0:0:0:0:0:1 - - [12/Apr/2017:09:24:30 +0800] "GET /assets/font-awesome/css/font-awesome.min.css HTTP/1.1" 304 -
0:0:0:0:0:0:0:1 - - [12/Apr/2017:09:24:30 +0800] "GET /assets/bootstrap/js/bootstrap.min.js HTTP/1.1" 304 -
0:0:0:0:0:0:0:1 - - [12/Apr/2017:09:24:30 +0800] "GET /assets/js/jquery.backstretch.min.js HTTP/1.1" 304 -
0:0:0:0:0:0:0:1 - - [12/Apr/2017:09:24:30 +0800] "GET /assets/js/scripts.js HTTP/1.1" 304 -
0:0:0:0:0:0:0:1 - - [12/Apr/2017:09:24:30 +0800] "GET /assets/img/backgrounds/1.jpg HTTP/1.1" 304 -
0:0:0:0:0:0:0:1 - - [12/Apr/2017:09:24:30 +0800] "GET /assets/font-awesome/fonts/fontawesome-webfont.woff2?v=4.3.0 HTTP/1.1" 304 -
0:0:0:0:0:0:0:1 - - [12/Apr/2017:09:24:31 +0800] "POST /ewface/login HTTP/1.1" 302 -
0:0:0:0:0:0:0:1 - - [12/Apr/2017:09:24:31 +0800] "GET /ewface/menu HTTP/1.1" 200 1526
0:0:0:0:0:0:0:1 - - [12/Apr/2017:09:24:31 +0800] "GET /favicon.ico HTTP/1.1" 200 946
0:0:0:0:0:0:0:1 - - [12/Apr/2017:09:26:30 +0800] "GET /ewface/menu HTTP/1.1" 302 -
0:0:0:0:0:0:0:1 - - [12/Apr/2017:09:26:30 +0800] "GET /ewface/login HTTP/1.1" 200 3969
0:0:0:0:0:0:0:1 - - [12/Apr/2017:09:26:31 +0800] "GET /assets/bootstrap/css/bootstrap.min.css HTTP/1.1" 304 -
0:0:0:0:0:0:0:1 - - [12/Apr/2017:09:26:31 +0800] "GET /assets/font-awesome/css/font-awesome.min.css HTTP/1.1" 304 -
0:0:0:0:0:0:0:1 - - [12/Apr/2017:09:26:31 +0800] "GET /assets/css/style.css HTTP/1.1" 304 -
0:0:0:0:0:0:0:1 - - [12/Apr/2017:09:26:31 +0800] "GET /assets/css/form-elements.css HTTP/1.1" 304 -
0:0:0:0:0:0:0:1 - - [12/Apr/2017:09:26:31 +0800] "GET /assets/js/jquery-1.11.1.min.js HTTP/1.1" 304 -
0:0:0:0:0:0:0:1 - - [12/Apr/2017:09:26:31 +0800] "GET /assets/bootstrap/js/bootstrap.min.js HTTP/1.1" 304 -
0:0:0:0:0:0:0:1 - - [12/Apr/2017:09:26:31 +0800] "GET /assets/js/jquery.backstretch.min.js HTTP/1.1" 304 -
0:0:0:0:0:0:0:1 - - [12/Apr/2017:09:26:31 +0800] "GET /assets/js/scripts.js HTTP/1.1" 304 -
0:0:0:0:0:0:0:1 - - [12/Apr/2017:09:26:31 +0800] "GET /assets/img/backgrounds/1.jpg HTTP/1.1" 304 -
0:0:0:0:0:0:0:1 - - [12/Apr/2017:09:26:32 +0800] "POST /ewface/login HTTP/1.1" 302 -
0:0:0:0:0:0:0:1 - - [12/Apr/2017:09:26:32 +0800] "GET /ewface/menu HTTP/1.1" 200 1521
0:0:0:0:0:0:0:1 - - [12/Apr/2017:09:32:29 +0800] "GET /ewface/menu HTTP/1.1" 302 -
0:0:0:0:0:0:0:1 - - [12/Apr/2017:09:32:30 +0800] "GET /ewface/login HTTP/1.1" 200 3969
0:0:0:0:0:0:0:1 - - [12/Apr/2017:09:32:30 +0800] "GET /assets/bootstrap/css/bootstrap.min.css HTTP/1.1" 304 -
0:0:0:0:0:0:0:1 - - [12/Apr/2017:09:32:30 +0800] "GET /assets/font-awesome/css/font-awesome.min.css HTTP/1.1" 304 -
0:0:0:0:0:0:0:1 - - [12/Apr/2017:09:32:30 +0800] "GET /assets/css/form-elements.css HTTP/1.1" 304 -
0:0:0:0:0:0:0:1 - - [12/Apr/2017:09:32:30 +0800] "GET /assets/css/style.css HTTP/1.1" 304 -
0:0:0:0:0:0:0:1 - - [12/Apr/2017:09:32:30 +0800] "GET /assets/js/jquery-1.11.1.min.js HTTP/1.1" 304 -
0:0:0:0:0:0:0:1 - - [12/Apr/2017:09:32:30 +0800] "GET /assets/bootstrap/js/bootstrap.min.js HTTP/1.1" 304 -
0:0:0:0:0:0:0:1 - - [12/Apr/2017:09:32:30 +0800] "GET /assets/js/jquery.backstretch.min.js HTTP/1.1" 304 -
0:0:0:0:0:0:0:1 - - [12/Apr/2017:09:32:30 +0800] "GET /assets/js/scripts.js HTTP/1.1" 304 -
0:0:0:0:0:0:0:1 - - [12/Apr/2017:09:32:30 +0800] "GET /assets/img/backgrounds/1.jpg HTTP/1.1" 304 -
0:0:0:0:0:0:0:1 - - [12/Apr/2017:09:32:31 +0800] "POST /ewface/login HTTP/1.1" 302 -
0:0:0:0:0:0:0:1 - - [12/Apr/2017:09:32:31 +0800] "GET /ewface/menu HTTP/1.1" 200 1515
0:0:0:0:0:0:0:1 - - [12/Apr/2017:09:32:31 +0800] "GET /favicon.ico HTTP/1.1" 200 946
0:0:0:0:0:0:0:1 - - [12/Apr/2017:09:33:03 +0800] "GET /ewface/menu HTTP/1.1" 302 -
0:0:0:0:0:0:0:1 - - [12/Apr/2017:09:33:03 +0800] "GET /ewface/login HTTP/1.1" 200 3969
0:0:0:0:0:0:0:1 - - [12/Apr/2017:09:33:03 +0800] "GET /assets/bootstrap/css/bootstrap.min.css HTTP/1.1" 200 117305
0:0:0:0:0:0:0:1 - - [12/Apr/2017:09:33:03 +0800] "GET /assets/font-awesome/css/font-awesome.min.css HTTP/1.1" 200 23739
0:0:0:0:0:0:0:1 - - [12/Apr/2017:09:33:03 +0800] "GET /assets/css/form-elements.css HTTP/1.1" 200 2511
0:0:0:0:0:0:0:1 - - [12/Apr/2017:09:33:03 +0800] "GET /assets/css/style.css HTTP/1.1" 200 3496
0:0:0:0:0:0:0:1 - - [12/Apr/2017:09:33:03 +0800] "GET /assets/js/jquery-1.11.1.min.js HTTP/1.1" 200 95786
0:0:0:0:0:0:0:1 - - [12/Apr/2017:09:33:03 +0800] "GET /assets/bootstrap/js/bootstrap.min.js HTTP/1.1" 200 35951
0:0:0:0:0:0:0:1 - - [12/Apr/2017:09:33:03 +0800] "GET /assets/js/jquery.backstretch.min.js HTTP/1.1" 200 4233
0:0:0:0:0:0:0:1 - - [12/Apr/2017:09:33:03 +0800] "GET /assets/js/scripts.js HTTP/1.1" 200 712
0:0:0:0:0:0:0:1 - - [12/Apr/2017:09:33:03 +0800] "GET /assets/font-awesome/fonts/fontawesome-webfont.eot? HTTP/1.1" 200 60767
0:0:0:0:0:0:0:1 - - [12/Apr/2017:09:33:03 +0800] "GET /assets/img/backgrounds/1.jpg HTTP/1.1" 200 182322
0:0:0:0:0:0:0:1 - - [12/Apr/2017:09:33:05 +0800] "GET /assets/ico/favicon.png HTTP/1.1" 200 459
0:0:0:0:0:0:0:1 - - [12/Apr/2017:09:33:05 +0800] "GET /favicon.ico HTTP/1.1" 200 946
0:0:0:0:0:0:0:1 - - [12/Apr/2017:09:33:08 +0800] "POST /ewface/login HTTP/1.1" 302 -
0:0:0:0:0:0:0:1 - - [12/Apr/2017:09:33:08 +0800] "GET /ewface/menu HTTP/1.1" 200 1515
0:0:0:0:0:0:0:1 - - [12/Apr/2017:09:33:08 +0800] "GET /assets/bootstrap/css/bootstrap.min.css HTTP/1.1" 200 117305
0:0:0:0:0:0:0:1 - - [12/Apr/2017:09:33:08 +0800] "GET /assets/css/photo.css HTTP/1.1" 200 1475
0:0:0:0:0:0:0:1 - - [12/Apr/2017:09:33:08 +0800] "GET /assets/js/My97DatePicker/WdatePicker.js HTTP/1.1" 200 8872
0:0:0:0:0:0:0:1 - - [12/Apr/2017:09:33:08 +0800] "GET /assets/js/jquery-1.11.1.min.js HTTP/1.1" 200 95786
0:0:0:0:0:0:0:1 - - [12/Apr/2017:09:33:08 +0800] "GET /assets/img/menu_list.png HTTP/1.1" 200 15353
0:0:0:0:0:0:0:1 - - [12/Apr/2017:09:33:08 +0800] "GET /assets/img/menu_detail.png HTTP/1.1" 200 7397
0:0:0:0:0:0:0:1 - - [12/Apr/2017:09:33:08 +0800] "GET /assets/img/menu_echarts.png HTTP/1.1" 200 10159
0:0:0:0:0:0:0:1 - - [12/Apr/2017:09:33:08 +0800] "GET /assets/js/My97DatePicker/skin/WdatePicker.css HTTP/1.1" 200 137
0:0:0:0:0:0:0:1 - - [12/Apr/2017:09:33:08 +0800] "GET /assets/img/menu_out.png HTTP/1.1" 200 16292
0:0:0:0:0:0:0:1 - - [12/Apr/2017:09:33:08 +0800] "GET /favicon.ico HTTP/1.1" 200 946
0:0:0:0:0:0:0:1 - - [12/Apr/2017:09:35:46 +0800] "GET /ewface/login HTTP/1.1" 200 3969
0:0:0:0:0:0:0:1 - - [12/Apr/2017:09:35:49 +0800] "POST /ewface/login HTTP/1.1" 302 -
0:0:0:0:0:0:0:1 - - [12/Apr/2017:09:35:49 +0800] "GET /ewface/menu HTTP/1.1" 200 1515
0:0:0:0:0:0:0:1 - - [12/Apr/2017:09:38:00 +0800] "GET /ewface/login HTTP/1.1" 200 3969
0:0:0:0:0:0:0:1 - - [12/Apr/2017:09:38:01 +0800] "POST /ewface/login HTTP/1.1" 302 -
0:0:0:0:0:0:0:1 - - [12/Apr/2017:09:38:01 +0800] "GET /ewface/menu HTTP/1.1" 200 1551
0:0:0:0:0:0:0:1 - - [12/Apr/2017:09:39:10 +0800] "GET /ewface/menu HTTP/1.1" 302 -
0:0:0:0:0:0:0:1 - - [12/Apr/2017:09:39:10 +0800] "GET /ewface/login HTTP/1.1" 200 3969
0:0:0:0:0:0:0:1 - - [12/Apr/2017:09:39:10 +0800] "GET /assets/bootstrap/css/bootstrap.min.css HTTP/1.1" 304 -
0:0:0:0:0:0:0:1 - - [12/Apr/2017:09:39:10 +0800] "GET /assets/font-awesome/css/font-awesome.min.css HTTP/1.1" 304 -
0:0:0:0:0:0:0:1 - - [12/Apr/2017:09:39:10 +0800] "GET /assets/css/form-elements.css HTTP/1.1" 304 -
0:0:0:0:0:0:0:1 - - [12/Apr/2017:09:39:10 +0800] "GET /assets/css/style.css HTTP/1.1" 304 -
0:0:0:0:0:0:0:1 - - [12/Apr/2017:09:39:10 +0800] "GET /assets/js/jquery-1.11.1.min.js HTTP/1.1" 304 -
0:0:0:0:0:0:0:1 - - [12/Apr/2017:09:39:10 +0800] "GET /assets/bootstrap/js/bootstrap.min.js HTTP/1.1" 304 -
0:0:0:0:0:0:0:1 - - [12/Apr/2017:09:39:10 +0800] "GET /assets/js/jquery.backstretch.min.js HTTP/1.1" 304 -
0:0:0:0:0:0:0:1 - - [12/Apr/2017:09:39:10 +0800] "GET /assets/js/scripts.js HTTP/1.1" 304 -
0:0:0:0:0:0:0:1 - - [12/Apr/2017:09:39:11 +0800] "GET /assets/img/backgrounds/1.jpg HTTP/1.1" 304 -
0:0:0:0:0:0:0:1 - - [12/Apr/2017:09:39:12 +0800] "POST /ewface/login HTTP/1.1" 302 -
0:0:0:0:0:0:0:1 - - [12/Apr/2017:09:39:13 +0800] "GET /ewface/menu HTTP/1.1" 200 1529
